Using pre-set license
Built from '2021.1/staging' branch; Version is '2021.1.23f1 (b50729e604a9) revision 11863849'; Using compiler version '192528614'; Build Type 'Release'
OS: 'Windows 10 Pro; OS build 19042.1466; Version 2009; 64bit' Language: 'en' Physical Memory: 32198 MB
BatchMode: 1, IsHumanControllingUs: 0, StartBugReporterOnCrash: 0, Is64bit: 1, IsPro: 0

COMMAND LINE ARGUMENTS:
C:\Program Files\Unity\Hub\Editor\2021.1.23f1\Editor\Unity.exe
-adb2
-batchMode
-noUpm
-name
AssetImportWorker0
-projectPath
C:/Users/Matthew/Documents/.Neumont/Software Projects in Existing Code/3D-Chess-Unity-master
-logFile
Logs/AssetImportWorker0.log
-srvPort
59565
Successfully changed project path to: C:/Users/Matthew/Documents/.Neumont/Software Projects in Existing Code/3D-Chess-Unity-master
C:/Users/Matthew/Documents/.Neumont/Software Projects in Existing Code/3D-Chess-Unity-master
Using Asset Import Pipeline V2.
Refreshing native plugins compatible for Editor in 100.62 ms, found 5 plugins.
Preloading 0 native plugins for Editor in 0.00 ms.
Initialize engine version: 2021.1.23f1 (b50729e604a9)
[Subsystems] Discovering subsystems at path C:/Program Files/Unity/Hub/Editor/2021.1.23f1/Editor/Data/Resources/UnitySubsystems
[Subsystems] Discovering subsystems at path C:/Users/Matthew/Documents/.Neumont/Software Projects in Existing Code/3D-Chess-Unity-master/Assets
GfxDevice: creating device client; threaded=0; jobified=0
Direct3D:
    Version:  Direct3D 11.0 [level 11.1]
    Renderer: NVIDIA Quadro T2000 (ID=0x1fb8)
    Vendor:   NVIDIA
    VRAM:     3962 MB
    Driver:   30.0.14.7234
Initialize mono
Mono path[0] = 'C:/Program Files/Unity/Hub/Editor/2021.1.23f1/Editor/Data/Managed'
Mono path[1] = 'C:/Program Files/Unity/Hub/Editor/2021.1.23f1/Editor/Data/MonoBleedingEdge/lib/mono/unityjit'
Mono config path = 'C:/Program Files/Unity/Hub/Editor/2021.1.23f1/Editor/Data/MonoBleedingEdge/etc'
Using monoOptions --debugger-agent=transport=dt_socket,embedding=1,server=y,suspend=n,address=127.0.0.1:56008
Begin MonoManager ReloadAssembly
Registering precompiled unity dll's ...
Register platform support module: C:/Program Files/Unity/Hub/Editor/2021.1.23f1/Editor/Data/PlaybackEngines/WebGLSupport/UnityEditor.WebGL.Extensions.dll
Register platform support module: C:/Program Files/Unity/Hub/Editor/2021.1.23f1/Editor/Data/PlaybackEngines/WindowsStandaloneSupport/UnityEditor.WindowsStandalone.Extensions.dll
Registered in 0.221915 seconds.
Native extension for WindowsStandalone target not found
Native extension for WebGL target not found
Refreshing native plugins compatible for Editor in 73.34 ms, found 5 plugins.
Preloading 0 native plugins for Editor in 0.00 ms.
Mono: successfully reloaded assembly
- Completed reload, in  4.146 seconds
Domain Reload Profiling:
	ReloadAssembly (4146ms)
		BeginReloadAssembly (2253ms)
			ExecutionOrderSort (0ms)
			DisableScriptedObjects (0ms)
			BackupInstance (0ms)
			ReleaseScriptingObjects (0ms)
			CreateAndSetChildDomain (1ms)
		EndReloadAssembly (677ms)
			LoadAssemblies (2254ms)
			RebuildTransferFunctionScriptingTraits (0ms)
			SetupTypeCache (397ms)
			ReleaseScriptCaches (0ms)
			RebuildScriptCaches (31ms)
			SetupLoadedEditorAssemblies (201ms)
				LogAssemblyErrors (0ms)
				InitializePlatformSupportModulesInManaged (7ms)
				SetLoadedEditorAssemblies (0ms)
				RefreshPlugins (73ms)
				BeforeProcessingInitializeOnLoad (1ms)
				ProcessInitializeOnLoadAttributes (92ms)
				ProcessInitializeOnLoadMethodAttributes (27ms)
				AfterProcessingInitializeOnLoad (0ms)
				EditorAssembliesLoaded (0ms)
			ExecutionOrderSort2 (0ms)
			AwakeInstancesAfterBackupRestoration (0ms)
Platform modules already initialized, skipping
Registering precompiled user dll's ...
Registered in 0.548886 seconds.
Begin MonoManager ReloadAssembly
Symbol file LoadedFromMemory is not a mono symbol file
Symbol file LoadedFromMemory doesn't match image C:\Users\Matthew\Documents\.Neumont\Software Projects in Existing Code\3D-Chess-Unity-master\Library\PackageCache\com.unity.visualscripting@1.6.1\Editor\VisualScripting.Core\Dependencies\YamlDotNet\Unity.VisualScripting.YamlDotNet.dll
Symbol file LoadedFromMemory doesn't match image C:\Users\Matthew\Documents\.Neumont\Software Projects in Existing Code\3D-Chess-Unity-master\Library\PackageCache\com.unity.visualscripting@1.6.1\Editor\VisualScripting.Core\Dependencies\DotNetZip\Unity.VisualScripting.IonicZip.dll
Symbol file LoadedFromMemory is not a mono symbol file
Symbol file LoadedFromMemory is not a mono symbol file
Symbol file LoadedFromMemory is not a mono symbol file
Native extension for WindowsStandalone target not found
Native extension for WebGL target not found
Refreshing native plugins compatible for Editor in 0.62 ms, found 5 plugins.
Preloading 0 native plugins for Editor in 0.00 ms.
Mono: successfully reloaded assembly
- Completed reload, in  2.975 seconds
Domain Reload Profiling:
	ReloadAssembly (2976ms)
		BeginReloadAssembly (138ms)
			ExecutionOrderSort (0ms)
			DisableScriptedObjects (4ms)
			BackupInstance (0ms)
			ReleaseScriptingObjects (0ms)
			CreateAndSetChildDomain (17ms)
		EndReloadAssembly (2784ms)
			LoadAssemblies (1376ms)
			RebuildTransferFunctionScriptingTraits (0ms)
			SetupTypeCache (791ms)
			ReleaseScriptCaches (1ms)
			RebuildScriptCaches (52ms)
			SetupLoadedEditorAssemblies (481ms)
				LogAssemblyErrors (0ms)
				InitializePlatformSupportModulesInManaged (6ms)
				SetLoadedEditorAssemblies (1ms)
				RefreshPlugins (1ms)
				BeforeProcessingInitializeOnLoad (79ms)
				ProcessInitializeOnLoadAttributes (383ms)
				ProcessInitializeOnLoadMethodAttributes (5ms)
				AfterProcessingInitializeOnLoad (7ms)
				EditorAssembliesLoaded (0ms)
			ExecutionOrderSort2 (0ms)
			AwakeInstancesAfterBackupRestoration (6ms)
Platform modules already initialized, skipping
========================================================================
Worker process is ready to serve import requests
Launched and connected shader compiler UnityShaderCompiler.exe after 0.09 seconds
Refreshing native plugins compatible for Editor in 0.89 ms, found 5 plugins.
Preloading 0 native plugins for Editor in 0.00 ms.
Unloading 2981 Unused Serialized files (Serialized files now loaded: 0)
System memory in use before: 109.7 MB.
System memory in use after: 109.6 MB.

Unloading 38 unused Assets to reduce memory usage. Loaded Objects now: 3454.
Total: 3.454800 ms (FindLiveObjects: 0.216200 ms CreateObjectMapping: 0.098000 ms MarkObjects: 2.927000 ms  DeleteObjects: 0.213000 ms)

AssetImportParameters requested are different than current active one (requested -> active):
  custom:framework-win-MediaFoundation: 216162199b28c13a410421893ffa2e32 -> 
  custom:video-decoder-ogg-theora: a1e56fd34408186e4bbccfd4996cb3dc -> 
  custom:container-muxer-webm: aa71ff27fc2769a1b78a27578f13a17b -> 
  custom:container-demuxer-webm: 4f35f7cbe854078d1ac9338744f61a02 -> 
  custom:container-demuxer-ogg: 62fdf1f143b41e24485cea50d1cbac27 -> 
  custom:video-encoder-webm-vp8: eb34c28f22e8b96e1ab97ce403110664 -> 
  custom:video-decoder-webm-vp8: 9c59270c3fd7afecdb556c50c9e8de78 -> 
  custom:audio-decoder-ogg-vorbis: bf7c407c2cedff20999df2af8eb42d56 -> 
  custom:audio-encoder-webm-vorbis: bf7c407c2cedff20999df2af8eb42d56 -> 
========================================================================
Received Import Request.
  path: Assets/Scripts/BoardManager.cs
  artifactKey: Guid(cd4fd260fbe2100438a41ed3dbd01946) Importer(815301076,1909f56bfc062723c751e8b465ee728b)
Start importing Assets/Scripts/BoardManager.cs using Guid(cd4fd260fbe2100438a41ed3dbd01946) Importer(815301076,1909f56bfc062723c751e8b465ee728b)  -> (artifact id: '60048883c1542480310c014bcb6da3f1') in 0.022409 seconds 
========================================================================
Received Import Request.
  Time since last request: 11.290393 seconds.
  path: Assets/Scripts/BoardManager.cs
  artifactKey: Guid(cd4fd260fbe2100438a41ed3dbd01946) Importer(815301076,1909f56bfc062723c751e8b465ee728b)
Start importing Assets/Scripts/BoardManager.cs using Guid(cd4fd260fbe2100438a41ed3dbd01946) Importer(815301076,1909f56bfc062723c751e8b465ee728b)  -> (artifact id: 'f266815fdea326bb4835ca924315062d') in 0.003133 seconds 
========================================================================
Received Import Request.
  Time since last request: 24.859463 seconds.
  path: Assets/Scripts/BoardManager.cs
  artifactKey: Guid(cd4fd260fbe2100438a41ed3dbd01946) Importer(815301076,1909f56bfc062723c751e8b465ee728b)
Start importing Assets/Scripts/BoardManager.cs using Guid(cd4fd260fbe2100438a41ed3dbd01946) Importer(815301076,1909f56bfc062723c751e8b465ee728b)  -> (artifact id: '0ced08f8004ad9f3ab06e3d506dbe899') in 0.003021 seconds 
========================================================================
Received Import Request.
  Time since last request: 16.529172 seconds.
  path: Assets/Scripts/BoardManager.cs
  artifactKey: Guid(cd4fd260fbe2100438a41ed3dbd01946) Importer(815301076,1909f56bfc062723c751e8b465ee728b)
Start importing Assets/Scripts/BoardManager.cs using Guid(cd4fd260fbe2100438a41ed3dbd01946) Importer(815301076,1909f56bfc062723c751e8b465ee728b)  -> (artifact id: 'e196fafb5caf1e446002e40c929dac9c') in 0.003130 seconds 
========================================================================
Received Import Request.
  Time since last request: 44.250519 seconds.
  path: Assets/Scripts/BoardManager.cs
  artifactKey: Guid(cd4fd260fbe2100438a41ed3dbd01946) Importer(815301076,1909f56bfc062723c751e8b465ee728b)
Start importing Assets/Scripts/BoardManager.cs using Guid(cd4fd260fbe2100438a41ed3dbd01946) Importer(815301076,1909f56bfc062723c751e8b465ee728b)  -> (artifact id: '5df8aa32d7734a43c69202e03c52d454') in 0.003022 seconds 
========================================================================
Received Import Request.
  Time since last request: 85.617603 seconds.
  path: Assets/Scripts/BoardManager.cs
  artifactKey: Guid(cd4fd260fbe2100438a41ed3dbd01946) Importer(815301076,1909f56bfc062723c751e8b465ee728b)
Start importing Assets/Scripts/BoardManager.cs using Guid(cd4fd260fbe2100438a41ed3dbd01946) Importer(815301076,1909f56bfc062723c751e8b465ee728b)  -> (artifact id: 'a792f9f5c88e01d74ade855771f09cd8') in 0.003010 seconds 
========================================================================
Received Import Request.
  Time since last request: 18.127943 seconds.
  path: Assets/Scripts/BoardManager.cs
  artifactKey: Guid(cd4fd260fbe2100438a41ed3dbd01946) Importer(815301076,1909f56bfc062723c751e8b465ee728b)
Start importing Assets/Scripts/BoardManager.cs using Guid(cd4fd260fbe2100438a41ed3dbd01946) Importer(815301076,1909f56bfc062723c751e8b465ee728b)  -> (artifact id: '7992c9f8b6e4f10baba9fed8ff3a2031') in 0.003068 seconds 
========================================================================
Received Import Request.
  Time since last request: 243.284162 seconds.
  path: Assets/Scripts/BoardManager.cs
  artifactKey: Guid(cd4fd260fbe2100438a41ed3dbd01946) Importer(815301076,1909f56bfc062723c751e8b465ee728b)
Start importing Assets/Scripts/BoardManager.cs using Guid(cd4fd260fbe2100438a41ed3dbd01946) Importer(815301076,1909f56bfc062723c751e8b465ee728b)  -> (artifact id: 'b2fd8263cac3342ee21e3304feb33a1c') in 0.006786 seconds 
========================================================================
Received Import Request.
  Time since last request: 4.890893 seconds.
  path: Assets/Scripts/BoardManager.cs
  artifactKey: Guid(cd4fd260fbe2100438a41ed3dbd01946) Importer(815301076,1909f56bfc062723c751e8b465ee728b)
Start importing Assets/Scripts/BoardManager.cs using Guid(cd4fd260fbe2100438a41ed3dbd01946) Importer(815301076,1909f56bfc062723c751e8b465ee728b)  -> (artifact id: 'ab16a274628ae91b346287a07dcfa4ce') in 0.003186 seconds 
========================================================================
Received Import Request.
  Time since last request: 14.790811 seconds.
  path: Assets/Scripts/BoardManager.cs
  artifactKey: Guid(cd4fd260fbe2100438a41ed3dbd01946) Importer(815301076,1909f56bfc062723c751e8b465ee728b)
Start importing Assets/Scripts/BoardManager.cs using Guid(cd4fd260fbe2100438a41ed3dbd01946) Importer(815301076,1909f56bfc062723c751e8b465ee728b)  -> (artifact id: 'f0fb9d686d51fe7eb1dded9408a04f15') in 0.003063 seconds 
========================================================================
Received Import Request.
  Time since last request: 3.322597 seconds.
  path: Assets/Scripts/BoardManager.cs
  artifactKey: Guid(cd4fd260fbe2100438a41ed3dbd01946) Importer(815301076,1909f56bfc062723c751e8b465ee728b)
Start importing Assets/Scripts/BoardManager.cs using Guid(cd4fd260fbe2100438a41ed3dbd01946) Importer(815301076,1909f56bfc062723c751e8b465ee728b)  -> (artifact id: 'd06bca9d6ef3fb68c4cf9fa3a1a435b7') in 0.002336 seconds 
========================================================================
Received Import Request.
  Time since last request: 41.370064 seconds.
  path: Assets/Scripts/BoardManager.cs
  artifactKey: Guid(cd4fd260fbe2100438a41ed3dbd01946) Importer(815301076,1909f56bfc062723c751e8b465ee728b)
Start importing Assets/Scripts/BoardManager.cs using Guid(cd4fd260fbe2100438a41ed3dbd01946) Importer(815301076,1909f56bfc062723c751e8b465ee728b)  -> (artifact id: '00459fac92ca8c70462c31014413614b') in 0.003011 seconds 
========================================================================
Received Import Request.
  Time since last request: 49.221131 seconds.
  path: Assets/Scripts/BoardManager.cs
  artifactKey: Guid(cd4fd260fbe2100438a41ed3dbd01946) Importer(815301076,1909f56bfc062723c751e8b465ee728b)
Start importing Assets/Scripts/BoardManager.cs using Guid(cd4fd260fbe2100438a41ed3dbd01946) Importer(815301076,1909f56bfc062723c751e8b465ee728b)  -> (artifact id: 'd6e18e96f8065861e362766446fcddac') in 0.002104 seconds 
========================================================================
Received Import Request.
  Time since last request: 40.877133 seconds.
  path: Assets/Scripts/BoardManager.cs
  artifactKey: Guid(cd4fd260fbe2100438a41ed3dbd01946) Importer(815301076,1909f56bfc062723c751e8b465ee728b)
Start importing Assets/Scripts/BoardManager.cs using Guid(cd4fd260fbe2100438a41ed3dbd01946) Importer(815301076,1909f56bfc062723c751e8b465ee728b)  -> (artifact id: '5774c1b000b84b995dc95ae10f7659ea') in 0.003129 seconds 
========================================================================
Received Import Request.
  Time since last request: 6.270893 seconds.
  path: Assets/Scripts/BoardManager.cs
  artifactKey: Guid(cd4fd260fbe2100438a41ed3dbd01946) Importer(815301076,1909f56bfc062723c751e8b465ee728b)
Start importing Assets/Scripts/BoardManager.cs using Guid(cd4fd260fbe2100438a41ed3dbd01946) Importer(815301076,1909f56bfc062723c751e8b465ee728b)  -> (artifact id: 'ea31d9499c7f7b24109df138cd83dd68') in 0.003397 seconds 
========================================================================
Received Import Request.
  Time since last request: 10.490376 seconds.
  path: Assets/Scripts/BoardManager.cs
  artifactKey: Guid(cd4fd260fbe2100438a41ed3dbd01946) Importer(815301076,1909f56bfc062723c751e8b465ee728b)
Start importing Assets/Scripts/BoardManager.cs using Guid(cd4fd260fbe2100438a41ed3dbd01946) Importer(815301076,1909f56bfc062723c751e8b465ee728b)  -> (artifact id: '78ec59b9223d60d157b2824355aaa05a') in 0.003508 seconds 
========================================================================
Received Import Request.
  Time since last request: 13.164110 seconds.
  path: Assets/Scripts/BoardManager.cs
  artifactKey: Guid(cd4fd260fbe2100438a41ed3dbd01946) Importer(815301076,1909f56bfc062723c751e8b465ee728b)
Start importing Assets/Scripts/BoardManager.cs using Guid(cd4fd260fbe2100438a41ed3dbd01946) Importer(815301076,1909f56bfc062723c751e8b465ee728b)  -> (artifact id: '4586adfb65343b04be54947b1665d64d') in 0.003161 seconds 
========================================================================
Received Import Request.
  Time since last request: 120.098262 seconds.
  path: Assets/Scripts/BoardManager.cs
  artifactKey: Guid(cd4fd260fbe2100438a41ed3dbd01946) Importer(815301076,1909f56bfc062723c751e8b465ee728b)
Start importing Assets/Scripts/BoardManager.cs using Guid(cd4fd260fbe2100438a41ed3dbd01946) Importer(815301076,1909f56bfc062723c751e8b465ee728b)  -> (artifact id: 'c454cfbce7c856dfecfd1ddda1512137') in 0.002035 seconds 
========================================================================
Received Import Request.
  Time since last request: 300.559010 seconds.
  path: Assets/Scripts/BoardManager.cs
  artifactKey: Guid(cd4fd260fbe2100438a41ed3dbd01946) Importer(815301076,1909f56bfc062723c751e8b465ee728b)
Start importing Assets/Scripts/BoardManager.cs using Guid(cd4fd260fbe2100438a41ed3dbd01946) Importer(815301076,1909f56bfc062723c751e8b465ee728b)  -> (artifact id: 'd0af16c18bf44a50587281458f07fbd6') in 0.002367 seconds 
========================================================================
Received Import Request.
  Time since last request: 12.081444 seconds.
  path: Assets/Scripts/BoardManager.cs
  artifactKey: Guid(cd4fd260fbe2100438a41ed3dbd01946) Importer(815301076,1909f56bfc062723c751e8b465ee728b)
Start importing Assets/Scripts/BoardManager.cs using Guid(cd4fd260fbe2100438a41ed3dbd01946) Importer(815301076,1909f56bfc062723c751e8b465ee728b)  -> (artifact id: 'd477a73e0d1ecaf7f95286d9cafe976b') in 0.003020 seconds 
========================================================================
Received Import Request.
  Time since last request: 12.064940 seconds.
  path: Assets/Scripts/BoardManager.cs
  artifactKey: Guid(cd4fd260fbe2100438a41ed3dbd01946) Importer(815301076,1909f56bfc062723c751e8b465ee728b)
Start importing Assets/Scripts/BoardManager.cs using Guid(cd4fd260fbe2100438a41ed3dbd01946) Importer(815301076,1909f56bfc062723c751e8b465ee728b)  -> (artifact id: '04907c853ee9f634b0db655c879d0f91') in 0.003022 seconds 
========================================================================
Received Import Request.
  Time since last request: 25.741005 seconds.
  path: Assets/Scripts/BoardManager.cs
  artifactKey: Guid(cd4fd260fbe2100438a41ed3dbd01946) Importer(815301076,1909f56bfc062723c751e8b465ee728b)
Start importing Assets/Scripts/BoardManager.cs using Guid(cd4fd260fbe2100438a41ed3dbd01946) Importer(815301076,1909f56bfc062723c751e8b465ee728b)  -> (artifact id: 'f02080a256bb77db11c3ceee0c07dbb6') in 0.003018 seconds 
